  Performing Custom Build Tools
  Microsoft (R) Macro Assembler Version 14.14.26428.1
  Copyright (C) Microsoft Corporation.  All rights reserved.
  
   Assembling: C:\Users\coled_000\Projects\Quake-2\ref_soft\r_aclipa.asm
  Performing Custom Build Tools
  Microsoft (R) Macro Assembler Version 14.14.26428.1
  Copyright (C) Microsoft Corporation.  All rights reserved.
  
   Assembling: C:\Users\coled_000\Projects\Quake-2\ref_soft\r_draw16.asm
  Performing Custom Build Tools
  Microsoft (R) Macro Assembler Version 14.14.26428.1
  Copyright (C) Microsoft Corporation.  All rights reserved.
  
   Assembling: C:\Users\coled_000\Projects\Quake-2\ref_soft\r_drawa.asm
  Performing Custom Build Tools
  Microsoft (R) Macro Assembler Version 14.14.26428.1
  Copyright (C) Microsoft Corporation.  All rights reserved.
  
   Assembling: C:\Users\coled_000\Projects\Quake-2\ref_soft\r_edgea.asm
  Performing Custom Build Tools
  Microsoft (R) Macro Assembler Version 14.14.26428.1
  Copyright (C) Microsoft Corporation.  All rights reserved.
  
   Assembling: C:\Users\coled_000\Projects\Quake-2\ref_soft\r_polysa.asm
  Performing Custom Build Tools
  Microsoft (R) Macro Assembler Version 14.14.26428.1
  Copyright (C) Microsoft Corporation.  All rights reserved.
  
   Assembling: C:\Users\coled_000\Projects\Quake-2\ref_soft\r_scana.asm
  Performing Custom Build Tools
  Microsoft (R) Macro Assembler Version 14.14.26428.1
  Copyright (C) Microsoft Corporation.  All rights reserved.
  
   Assembling: C:\Users\coled_000\Projects\Quake-2\ref_soft\r_spr8.asm
  Performing Custom Build Tools
  Microsoft (R) Macro Assembler Version 14.14.26428.1
  Copyright (C) Microsoft Corporation.  All rights reserved.
  
   Assembling: C:\Users\coled_000\Projects\Quake-2\ref_soft\r_surf8.asm
  Performing Custom Build Tools
  Microsoft (R) Macro Assembler Version 14.14.26428.1
  Copyright (C) Microsoft Corporation.  All rights reserved.
  
   Assembling: C:\Users\coled_000\Projects\Quake-2\ref_soft\r_varsa.asm
  q_shared.c
c:\users\coled_000\projects\quake-2\game\q_shared.c(266): warning C4100: 'f': unreferenced formal parameter
c:\users\coled_000\projects\quake-2\game\q_shared.c(312): warning C4459: declaration of 'i' hides global declaration
  c:\users\coled_000\projects\quake-2\game\q_shared.c(305): note: see declaration of 'i'
c:\users\coled_000\projects\quake-2\game\q_shared.c(315): warning C4459: declaration of 'corners' hides global declaration
  c:\users\coled_000\projects\quake-2\game\q_shared.c(306): note: see declaration of 'corners'
c:\users\coled_000\projects\quake-2\game\q_shared.c(418): warning C4100: 'p': unreferenced formal parameter
c:\users\coled_000\projects\quake-2\game\q_shared.c(418): warning C4100: 'emaxs': unreferenced formal parameter
c:\users\coled_000\projects\quake-2\game\q_shared.c(418): warning C4100: 'emins': unreferenced formal parameter
c:\users\coled_000\projects\quake-2\game\q_shared.c(658): warning C4459: declaration of 'i' hides global declaration
  c:\users\coled_000\projects\quake-2\game\q_shared.c(305): note: see declaration of 'i'
c:\users\coled_000\projects\quake-2\game\q_shared.c(764): warning C4459: declaration of 'i' hides global declaration
  c:\users\coled_000\projects\quake-2\game\q_shared.c(305): note: see declaration of 'i'
c:\users\coled_000\projects\quake-2\game\q_shared.c(841): warning C4459: declaration of 'i' hides global declaration
  c:\users\coled_000\projects\quake-2\game\q_shared.c(305): note: see declaration of 'i'
c:\users\coled_000\projects\quake-2\game\q_shared.c(876): warning C4996: 'strncpy': This function or variable may be unsafe. Consider using strncpy_s instead. To disable deprecation, use _CRT_SECURE_NO_WARNINGS. See online help for details.
  c:\program files (x86)\windows kits\10\include\10.0.10240.0\ucrt\string.h(340): note: see declaration of 'strncpy'
c:\users\coled_000\projects\quake-2\game\q_shared.c(897): warning C4996: 'strncpy': This function or variable may be unsafe. Consider using strncpy_s instead. To disable deprecation, use _CRT_SECURE_NO_WARNINGS. See online help for details.
  c:\program files (x86)\windows kits\10\include\10.0.10240.0\ucrt\string.h(340): note: see declaration of 'strncpy'
c:\users\coled_000\projects\quake-2\game\q_shared.c(923): warning C4996: 'strcat': This function or variable may be unsafe. Consider using strcat_s instead. To disable deprecation, use _CRT_SECURE_NO_WARNINGS. See online help for details.
c:\users\coled_000\projects\quake-2\game\q_shared.c(1056): warning C4996: 'vsprintf': This function or variable may be unsafe. Consider using vsprintf_s instead. To disable deprecation, use _CRT_SECURE_NO_WARNINGS. See online help for details.
  c:\program files (x86)\windows kits\10\include\10.0.10240.0\ucrt\stdio.h(1465): note: see declaration of 'vsprintf'
c:\users\coled_000\projects\quake-2\game\q_shared.c(1163): warning C4459: declaration of 'i' hides global declaration
  c:\users\coled_000\projects\quake-2\game\q_shared.c(305): note: see declaration of 'i'
c:\users\coled_000\projects\quake-2\game\q_shared.c(1230): warning C4996: 'vsprintf': This function or variable may be unsafe. Consider using vsprintf_s instead. To disable deprecation, use _CRT_SECURE_NO_WARNINGS. See online help for details.
  c:\program files (x86)\windows kits\10\include\10.0.10240.0\ucrt\stdio.h(1465): note: see declaration of 'vsprintf'
c:\users\coled_000\projects\quake-2\game\q_shared.c(1234): warning C4996: 'strncpy': This function or variable may be unsafe. Consider using strncpy_s instead. To disable deprecation, use _CRT_SECURE_NO_WARNINGS. See online help for details.
  c:\program files (x86)\windows kits\10\include\10.0.10240.0\ucrt\string.h(340): note: see declaration of 'strncpy'
c:\users\coled_000\projects\quake-2\game\q_shared.c(1334): warning C4996: 'strcpy': This function or variable may be unsafe. Consider using strcpy_s instead. To disable deprecation, use _CRT_SECURE_NO_WARNINGS. See online help for details.
  q_shwin.c
  rw_ddraw.c
c:\program files (x86)\windows kits\8.1\include\um\ddraw.h(298): warning C4201: nonstandard extension used: nameless struct/union
c:\program files (x86)\windows kits\8.1\include\um\ddraw.h(304): warning C4201: nonstandard extension used: nameless struct/union
c:\program files (x86)\windows kits\8.1\include\um\ddraw.h(313): warning C4201: nonstandard extension used: nameless struct/union
c:\program files (x86)\windows kits\8.1\include\um\ddraw.h(319): warning C4201: nonstandard extension used: nameless struct/union
c:\program files (x86)\windows kits\8.1\include\um\ddraw.h(326): warning C4201: nonstandard extension used: nameless struct/union
c:\program files (x86)\windows kits\8.1\include\um\ddraw.h(367): warning C4201: nonstandard extension used: nameless struct/union
c:\program files (x86)\windows kits\8.1\include\um\ddraw.h(382): warning C4201: nonstandard extension used: nameless struct/union
c:\program files (x86)\windows kits\8.1\include\um\ddraw.h(727): warning C4201: nonstandard extension used: nameless struct/union
c:\program files (x86)\windows kits\8.1\include\um\ddraw.h(736): warning C4201: nonstandard extension used: nameless struct/union
c:\program files (x86)\windows kits\8.1\include\um\ddraw.h(749): warning C4201: nonstandard extension used: nameless struct/union
c:\program files (x86)\windows kits\8.1\include\um\ddraw.h(756): warning C4201: nonstandard extension used: nameless struct/union
c:\program files (x86)\windows kits\8.1\include\um\ddraw.h(764): warning C4201: nonstandard extension used: nameless struct/union
c:\program files (x86)\windows kits\8.1\include\um\ddraw.h(783): warning C4201: nonstandard extension used: nameless struct/union
c:\program files (x86)\windows kits\8.1\include\um\ddraw.h(789): warning C4201: nonstandard extension used: nameless struct/union
c:\program files (x86)\windows kits\8.1\include\um\ddraw.h(2244): warning C4201: nonstandard extension used: nameless struct/union
c:\program files (x86)\windows kits\8.1\include\um\ddraw.h(2251): warning C4201: nonstandard extension used: nameless struct/union
c:\program files (x86)\windows kits\8.1\include\um\ddraw.h(2276): warning C4201: nonstandard extension used: nameless struct/union
c:\program files (x86)\windows kits\8.1\include\um\ddraw.h(2281): warning C4201: nonstandard extension used: nameless struct/union
c:\program files (x86)\windows kits\8.1\include\um\ddraw.h(2288): warning C4201: nonstandard extension used: nameless struct/union
c:\program files (x86)\windows kits\8.1\include\um\ddraw.h(2296): warning C4201: nonstandard extension used: nameless struct/union
c:\program files (x86)\windows kits\8.1\include\um\ddraw.h(2304): warning C4201: nonstandard extension used: nameless struct/union
  rw_dib.c
c:\program files (x86)\windows kits\8.1\include\um\ddraw.h(298): warning C4201: nonstandard extension used: nameless struct/union
c:\program files (x86)\windows kits\8.1\include\um\ddraw.h(304): warning C4201: nonstandard extension used: nameless struct/union
c:\program files (x86)\windows kits\8.1\include\um\ddraw.h(313): warning C4201: nonstandard extension used: nameless struct/union
c:\program files (x86)\windows kits\8.1\include\um\ddraw.h(319): warning C4201: nonstandard extension used: nameless struct/union
c:\program files (x86)\windows kits\8.1\include\um\ddraw.h(326): warning C4201: nonstandard extension used: nameless struct/union
c:\program files (x86)\windows kits\8.1\include\um\ddraw.h(367): warning C4201: nonstandard extension used: nameless struct/union
c:\program files (x86)\windows kits\8.1\include\um\ddraw.h(382): warning C4201: nonstandard extension used: nameless struct/union
c:\program files (x86)\windows kits\8.1\include\um\ddraw.h(727): warning C4201: nonstandard extension used: nameless struct/union
c:\program files (x86)\windows kits\8.1\include\um\ddraw.h(736): warning C4201: nonstandard extension used: nameless struct/union
c:\program files (x86)\windows kits\8.1\include\um\ddraw.h(749): warning C4201: nonstandard extension used: nameless struct/union
c:\program files (x86)\windows kits\8.1\include\um\ddraw.h(756): warning C4201: nonstandard extension used: nameless struct/union
c:\program files (x86)\windows kits\8.1\include\um\ddraw.h(764): warning C4201: nonstandard extension used: nameless struct/union
c:\program files (x86)\windows kits\8.1\include\um\ddraw.h(783): warning C4201: nonstandard extension used: nameless struct/union
c:\program files (x86)\windows kits\8.1\include\um\ddraw.h(789): warning C4201: nonstandard extension used: nameless struct/union
c:\program files (x86)\windows kits\8.1\include\um\ddraw.h(2244): warning C4201: nonstandard extension used: nameless struct/union
c:\program files (x86)\windows kits\8.1\include\um\ddraw.h(2251): warning C4201: nonstandard extension used: nameless struct/union
c:\program files (x86)\windows kits\8.1\include\um\ddraw.h(2276): warning C4201: nonstandard extension used: nameless struct/union
c:\program files (x86)\windows kits\8.1\include\um\ddraw.h(2281): warning C4201: nonstandard extension used: nameless struct/union
c:\program files (x86)\windows kits\8.1\include\um\ddraw.h(2288): warning C4201: nonstandard extension used: nameless struct/union
c:\program files (x86)\windows kits\8.1\include\um\ddraw.h(2296): warning C4201: nonstandard extension used: nameless struct/union
c:\program files (x86)\windows kits\8.1\include\um\ddraw.h(2304): warning C4201: nonstandard extension used: nameless struct/union
c:\users\coled_000\projects\quake-2\win32\rw_dib.c(257): warning C4456: declaration of 'i' hides previous local declaration
  c:\users\coled_000\projects\quake-2\win32\rw_dib.c(220): note: see declaration of 'i'
c:\users\coled_000\projects\quake-2\win32\rw_dib.c(366): warning C4057: 'function': 'const COLORREF *' differs in indirection to slightly different base types from 'int [19]'
  rw_imp.c
c:\program files (x86)\windows kits\8.1\include\um\ddraw.h(298): warning C4201: nonstandard extension used: nameless struct/union
c:\program files (x86)\windows kits\8.1\include\um\ddraw.h(304): warning C4201: nonstandard extension used: nameless struct/union
c:\program files (x86)\windows kits\8.1\include\um\ddraw.h(313): warning C4201: nonstandard extension used: nameless struct/union
c:\program files (x86)\windows kits\8.1\include\um\ddraw.h(319): warning C4201: nonstandard extension used: nameless struct/union
c:\program files (x86)\windows kits\8.1\include\um\ddraw.h(326): warning C4201: nonstandard extension used: nameless struct/union
c:\program files (x86)\windows kits\8.1\include\um\ddraw.h(367): warning C4201: nonstandard extension used: nameless struct/union
c:\program files (x86)\windows kits\8.1\include\um\ddraw.h(382): warning C4201: nonstandard extension used: nameless struct/union
c:\program files (x86)\windows kits\8.1\include\um\ddraw.h(727): warning C4201: nonstandard extension used: nameless struct/union
c:\program files (x86)\windows kits\8.1\include\um\ddraw.h(736): warning C4201: nonstandard extension used: nameless struct/union
c:\program files (x86)\windows kits\8.1\include\um\ddraw.h(749): warning C4201: nonstandard extension used: nameless struct/union
c:\program files (x86)\windows kits\8.1\include\um\ddraw.h(756): warning C4201: nonstandard extension used: nameless struct/union
c:\program files (x86)\windows kits\8.1\include\um\ddraw.h(764): warning C4201: nonstandard extension used: nameless struct/union
c:\program files (x86)\windows kits\8.1\include\um\ddraw.h(783): warning C4201: nonstandard extension used: nameless struct/union
c:\program files (x86)\windows kits\8.1\include\um\ddraw.h(789): warning C4201: nonstandard extension used: nameless struct/union
c:\program files (x86)\windows kits\8.1\include\um\ddraw.h(2244): warning C4201: nonstandard extension used: nameless struct/union
c:\program files (x86)\windows kits\8.1\include\um\ddraw.h(2251): warning C4201: nonstandard extension used: nameless struct/union
c:\program files (x86)\windows kits\8.1\include\um\ddraw.h(2276): warning C4201: nonstandard extension used: nameless struct/union
c:\program files (x86)\windows kits\8.1\include\um\ddraw.h(2281): warning C4201: nonstandard extension used: nameless struct/union
c:\program files (x86)\windows kits\8.1\include\um\ddraw.h(2288): warning C4201: nonstandard extension used: nameless struct/union
c:\program files (x86)\windows kits\8.1\include\um\ddraw.h(2296): warning C4201: nonstandard extension used: nameless struct/union
c:\program files (x86)\windows kits\8.1\include\um\ddraw.h(2304): warning C4201: nonstandard extension used: nameless struct/union
c:\users\coled_000\projects\quake-2\win32\rw_imp.c(49): warning C4459: declaration of 'vid_fullscreen' hides global declaration
  c:\users\coled_000\projects\quake-2\ref_soft\r_local.h(575): note: see declaration of 'vid_fullscreen'
  r_aclip.c
  r_alias.c
c:\users\coled_000\projects\quake-2\ref_soft\r_alias.c(108): warning C4189: 'minz': local variable is initialized but not referenced
c:\users\coled_000\projects\quake-2\ref_soft\r_alias.c(1005): warning C4100: 'pmdl': unreferenced formal parameter
c:\users\coled_000\projects\quake-2\ref_soft\r_alias.c(1052): warning C4210: nonstandard extension used: function given file scope
c:\users\coled_000\projects\quake-2\ref_soft\r_alias.c(1053): warning C4210: nonstandard extension used: function given file scope
c:\users\coled_000\projects\quake-2\ref_soft\r_alias.c(1054): warning C4210: nonstandard extension used: function given file scope
c:\users\coled_000\projects\quake-2\ref_soft\r_alias.c(1055): warning C4210: nonstandard extension used: function given file scope
c:\users\coled_000\projects\quake-2\ref_soft\r_alias.c(1056): warning C4210: nonstandard extension used: function given file scope
  r_bsp.c
  r_draw.c
  r_edge.c
c:\users\coled_000\projects\quake-2\ref_soft\r_edge.c(801): warning C4459: declaration of 'pface' hides global declaration
  c:\users\coled_000\projects\quake-2\ref_soft\r_edge.c(741): note: see declaration of 'pface'
  r_image.c
c:\users\coled_000\projects\quake-2\ref_soft\r_image.c(422): warning C4996: 'strcpy': This function or variable may be unsafe. Consider using strcpy_s instead. To disable deprecation, use _CRT_SECURE_NO_WARNINGS. See online help for details.
c:\users\coled_000\projects\quake-2\ref_soft\r_image.c(463): warning C4996: 'strcpy': This function or variable may be unsafe. Consider using strcpy_s instead. To disable deprecation, use _CRT_SECURE_NO_WARNINGS. See online help for details.
  r_light.c
  r_main.c
c:\users\coled_000\projects\quake-2\ref_soft\r_main.c(1097): warning C4210: nonstandard extension used: function given file scope
c:\users\coled_000\projects\quake-2\ref_soft\r_main.c(1095): warning C4100: 'camera_separation': unreferenced formal parameter
c:\users\coled_000\projects\quake-2\ref_soft\r_main.c(1303): warning C4996: 'strncpy': This function or variable may be unsafe. Consider using strncpy_s instead. To disable deprecation, use _CRT_SECURE_NO_WARNINGS. See online help for details.
  c:\program files (x86)\windows kits\10\include\10.0.10240.0\ucrt\string.h(340): note: see declaration of 'strncpy'
c:\users\coled_000\projects\quake-2\ref_soft\r_main.c(1404): warning C4996: 'vsprintf': This function or variable may be unsafe. Consider using vsprintf_s instead. To disable deprecation, use _CRT_SECURE_NO_WARNINGS. See online help for details.
  c:\program files (x86)\windows kits\10\include\10.0.10240.0\ucrt\stdio.h(1465): note: see declaration of 'vsprintf'
c:\users\coled_000\projects\quake-2\ref_soft\r_main.c(1416): warning C4996: 'vsprintf': This function or variable may be unsafe. Consider using vsprintf_s instead. To disable deprecation, use _CRT_SECURE_NO_WARNINGS. See online help for details.
  c:\program files (x86)\windows kits\10\include\10.0.10240.0\ucrt\stdio.h(1465): note: see declaration of 'vsprintf'
  r_misc.c
c:\users\coled_000\projects\quake-2\ref_soft\r_misc.c(53): warning C4210: nonstandard extension used: function given file scope
c:\users\coled_000\projects\quake-2\ref_soft\r_misc.c(55): warning C4210: nonstandard extension used: function given file scope
c:\users\coled_000\projects\quake-2\ref_soft\r_misc.c(226): warning C4100: 'vout': unreferenced formal parameter
c:\users\coled_000\projects\quake-2\ref_soft\r_misc.c(226): warning C4100: 'vin': unreferenced formal parameter
c:\users\coled_000\projects\quake-2\ref_soft\r_misc.c(601): warning C4996: 'fopen': This function or variable may be unsafe. Consider using fopen_s instead. To disable deprecation, use _CRT_SECURE_NO_WARNINGS. See online help for details.
  c:\program files (x86)\windows kits\10\include\10.0.10240.0\ucrt\stdio.h(205): note: see declaration of 'fopen'
c:\users\coled_000\projects\quake-2\ref_soft\r_misc.c(635): warning C4996: 'strcpy': This function or variable may be unsafe. Consider using strcpy_s instead. To disable deprecation, use _CRT_SECURE_NO_WARNINGS. See online help for details.
c:\users\coled_000\projects\quake-2\ref_soft\r_misc.c(642): warning C4996: 'fopen': This function or variable may be unsafe. Consider using fopen_s instead. To disable deprecation, use _CRT_SECURE_NO_WARNINGS. See online help for details.
  c:\program files (x86)\windows kits\10\include\10.0.10240.0\ucrt\stdio.h(205): note: see declaration of 'fopen'
  r_model.c
c:\users\coled_000\projects\quake-2\ref_soft\r_model.c(131): warning C4996: 'strcpy': This function or variable may be unsafe. Consider using strcpy_s instead. To disable deprecation, use _CRT_SECURE_NO_WARNINGS. See online help for details.
  r_part.c
  r_poly.c
  r_polyse.c
c:\users\coled_000\projects\quake-2\ref_soft\r_polyse.c(415): warning C4459: declaration of 'skinwidth' hides global declaration
  c:\users\coled_000\projects\quake-2\ref_soft\r_polyse.c(114): note: see declaration of 'skinwidth'
  r_rast.c
c:\users\coled_000\projects\quake-2\ref_soft\r_rast.c(601): warning C4389: '==': signed/unsigned mismatch
c:\users\coled_000\projects\quake-2\ref_soft\r_rast.c(645): warning C4389: '==': signed/unsigned mismatch
  r_scan.c
  Generating Code...
c:\users\coled_000\projects\quake-2\ref_soft\r_image.c(328): warning C4701: potentially uninitialized local variable 'blue' used
c:\users\coled_000\projects\quake-2\ref_soft\r_image.c(327): warning C4701: potentially uninitialized local variable 'green' used
c:\users\coled_000\projects\quake-2\ref_soft\r_image.c(326): warning C4701: potentially uninitialized local variable 'red' used
c:\users\coled_000\projects\quake-2\ref_soft\r_image.c(329): warning C4701: potentially uninitialized local variable 'alphabyte' used
c:\users\coled_000\projects\quake-2\ref_soft\r_alias.c(434): warning C4740: flow in or out of inline asm code suppresses global optimization
  Compiling...
  r_sprite.c
  r_surf.c
  Generating Code...
LINK : fatal error LNK1181: cannot open input file '.\..\release\\.obj'
