  gl_warp.c
c:\users\coled_000\projects\cole\quake-2\ref_gl\gl_warp.c(631): warning C4996: 'strncpy': This function or variable may be unsafe. Consider using strncpy_s instead. To disable deprecation, use _CRT_SECURE_NO_WARNINGS. See online help for details.
  c:\program files (x86)\windows kits\10\include\10.0.10240.0\ucrt\string.h(340): note: see declaration of 'strncpy'
  gl_rsurf.c
  gl_rmisc.c
c:\users\coled_000\projects\cole\quake-2\ref_gl\gl_rmisc.c(115): warning C4996: 'strcpy': This function or variable may be unsafe. Consider using strcpy_s instead. To disable deprecation, use _CRT_SECURE_NO_WARNINGS. See online help for details.
  c:\program files (x86)\windows kits\10\include\10.0.10240.0\ucrt\string.h(119): note: see declaration of 'strcpy'
c:\users\coled_000\projects\cole\quake-2\ref_gl\gl_rmisc.c(122): warning C4996: 'fopen': This function or variable may be unsafe. Consider using fopen_s instead. To disable deprecation, use _CRT_SECURE_NO_WARNINGS. See online help for details.
  c:\program files (x86)\windows kits\10\include\10.0.10240.0\ucrt\stdio.h(205): note: see declaration of 'fopen'
c:\users\coled_000\projects\cole\quake-2\ref_gl\gl_rmisc.c(154): warning C4996: 'fopen': This function or variable may be unsafe. Consider using fopen_s instead. To disable deprecation, use _CRT_SECURE_NO_WARNINGS. See online help for details.
  c:\program files (x86)\windows kits\10\include\10.0.10240.0\ucrt\stdio.h(205): note: see declaration of 'fopen'
  gl_rmain.c
c:\users\coled_000\projects\cole\quake-2\ref_gl\gl_rmain.c(1162): warning C4996: 'strcpy': This function or variable may be unsafe. Consider using strcpy_s instead. To disable deprecation, use _CRT_SECURE_NO_WARNINGS. See online help for details.
  c:\program files (x86)\windows kits\10\include\10.0.10240.0\ucrt\string.h(119): note: see declaration of 'strcpy'
c:\users\coled_000\projects\cole\quake-2\ref_gl\gl_rmain.c(1163): warning C4996: 'strlwr': The POSIX name for this item is deprecated. Instead, use the ISO C and C++ conformant name: _strlwr. See online help for details.
  c:\program files (x86)\windows kits\10\include\10.0.10240.0\ucrt\string.h(574): note: see declaration of 'strlwr'
c:\users\coled_000\projects\cole\quake-2\ref_gl\gl_rmain.c(1165): warning C4996: 'strcpy': This function or variable may be unsafe. Consider using strcpy_s instead. To disable deprecation, use _CRT_SECURE_NO_WARNINGS. See online help for details.
  c:\program files (x86)\windows kits\10\include\10.0.10240.0\ucrt\string.h(119): note: see declaration of 'strcpy'
c:\users\coled_000\projects\cole\quake-2\ref_gl\gl_rmain.c(1166): warning C4996: 'strlwr': The POSIX name for this item is deprecated. Instead, use the ISO C and C++ conformant name: _strlwr. See online help for details.
  c:\program files (x86)\windows kits\10\include\10.0.10240.0\ucrt\string.h(574): note: see declaration of 'strlwr'
c:\users\coled_000\projects\cole\quake-2\ref_gl\gl_rmain.c(1419): warning C4996: 'putenv': The POSIX name for this item is deprecated. Instead, use the ISO C and C++ conformant name: _putenv. See online help for details.
  c:\program files (x86)\windows kits\10\include\10.0.10240.0\ucrt\stdlib.h(1349): note: see declaration of 'putenv'
c:\users\coled_000\projects\cole\quake-2\ref_gl\gl_rmain.c(1421): warning C4996: 'putenv': The POSIX name for this item is deprecated. Instead, use the ISO C and C++ conformant name: _putenv. See online help for details.
  c:\program files (x86)\windows kits\10\include\10.0.10240.0\ucrt\stdlib.h(1349): note: see declaration of 'putenv'
c:\users\coled_000\projects\cole\quake-2\ref_gl\gl_rmain.c(1651): warning C4133: '=': incompatible types - from 'int (__cdecl *)(void *,void *)' to 'qboolean (__cdecl *)(void *,void *)'
c:\users\coled_000\projects\cole\quake-2\ref_gl\gl_rmain.c(1674): warning C4996: 'vsprintf': This function or variable may be unsafe. Consider using vsprintf_s instead. To disable deprecation, use _CRT_SECURE_NO_WARNINGS. See online help for details.
  c:\program files (x86)\windows kits\10\include\10.0.10240.0\ucrt\stdio.h(1465): note: see declaration of 'vsprintf'
c:\users\coled_000\projects\cole\quake-2\ref_gl\gl_rmain.c(1686): warning C4996: 'vsprintf': This function or variable may be unsafe. Consider using vsprintf_s instead. To disable deprecation, use _CRT_SECURE_NO_WARNINGS. See online help for details.
  c:\program files (x86)\windows kits\10\include\10.0.10240.0\ucrt\stdio.h(1465): note: see declaration of 'vsprintf'
  gl_model.c
c:\users\coled_000\projects\cole\quake-2\ref_gl\gl_model.c(222): warning C4996: 'strcpy': This function or variable may be unsafe. Consider using strcpy_s instead. To disable deprecation, use _CRT_SECURE_NO_WARNINGS. See online help for details.
  c:\program files (x86)\windows kits\10\include\10.0.10240.0\ucrt\string.h(119): note: see declaration of 'strcpy'
  gl_mesh.c
  gl_light.c
  gl_image.c
c:\users\coled_000\projects\cole\quake-2\ref_gl\gl_image.c(1254): warning C4996: 'strcpy': This function or variable may be unsafe. Consider using strcpy_s instead. To disable deprecation, use _CRT_SECURE_NO_WARNINGS. See online help for details.
  c:\program files (x86)\windows kits\10\include\10.0.10240.0\ucrt\string.h(119): note: see declaration of 'strcpy'
  gl_draw.c
  q_shwin.c
  qgl_win.c
c:\users\coled_000\projects\cole\quake-2\win32\qgl_win.c(3039): warning C4996: 'putenv': The POSIX name for this item is deprecated. Instead, use the ISO C and C++ conformant name: _putenv. See online help for details.
  c:\program files (x86)\windows kits\10\include\10.0.10240.0\ucrt\stdlib.h(1349): note: see declaration of 'putenv'
c:\users\coled_000\projects\cole\quake-2\win32\qgl_win.c(3041): warning C4996: 'putenv': The POSIX name for this item is deprecated. Instead, use the ISO C and C++ conformant name: _putenv. See online help for details.
  c:\program files (x86)\windows kits\10\include\10.0.10240.0\ucrt\stdlib.h(1349): note: see declaration of 'putenv'
c:\users\coled_000\projects\cole\quake-2\win32\qgl_win.c(3436): warning C4996: 'localtime': This function or variable may be unsafe. Consider using localtime_s instead. To disable deprecation, use _CRT_SECURE_NO_WARNINGS. See online help for details.
  c:\program files (x86)\windows kits\10\include\10.0.10240.0\ucrt\time.h(505): note: see declaration of 'localtime'
c:\users\coled_000\projects\cole\quake-2\win32\qgl_win.c(3438): warning C4996: 'asctime': This function or variable may be unsafe. Consider using asctime_s instead. To disable deprecation, use _CRT_SECURE_NO_WARNINGS. See online help for details.
  c:\program files (x86)\windows kits\10\include\10.0.10240.0\ucrt\time.h(116): note: see declaration of 'asctime'
c:\users\coled_000\projects\cole\quake-2\win32\qgl_win.c(3441): warning C4996: 'fopen': This function or variable may be unsafe. Consider using fopen_s instead. To disable deprecation, use _CRT_SECURE_NO_WARNINGS. See online help for details.
  c:\program files (x86)\windows kits\10\include\10.0.10240.0\ucrt\stdio.h(205): note: see declaration of 'fopen'
c:\users\coled_000\projects\cole\quake-2\win32\qgl_win.c(3443): warning C4996: 'asctime': This function or variable may be unsafe. Consider using asctime_s instead. To disable deprecation, use _CRT_SECURE_NO_WARNINGS. See online help for details.
  c:\program files (x86)\windows kits\10\include\10.0.10240.0\ucrt\time.h(116): note: see declaration of 'asctime'
  glw_imp.c
c:\users\coled_000\projects\cole\quake-2\win32\glw_imp.c(51): warning C4996: 'strcpy': This function or variable may be unsafe. Consider using strcpy_s instead. To disable deprecation, use _CRT_SECURE_NO_WARNINGS. See online help for details.
  c:\program files (x86)\windows kits\10\include\10.0.10240.0\ucrt\string.h(119): note: see declaration of 'strcpy'
c:\users\coled_000\projects\cole\quake-2\win32\glw_imp.c(52): warning C4996: 'strlwr': The POSIX name for this item is deprecated. Instead, use the ISO C and C++ conformant name: _strlwr. See online help for details.
  c:\program files (x86)\windows kits\10\include\10.0.10240.0\ucrt\string.h(574): note: see declaration of 'strlwr'
c:\users\coled_000\projects\cole\quake-2\win32\glw_imp.c(357): warning C4996: 'GetVersionExA': was declared deprecated
  c:\program files (x86)\windows kits\8.1\include\um\sysinfoapi.h(433): note: see declaration of 'GetVersionExA'
c:\users\coled_000\projects\cole\quake-2\win32\glw_imp.c(594): warning C4996: 'stricmp': The POSIX name for this item is deprecated. Instead, use the ISO C and C++ conformant name: _stricmp. See online help for details.
  c:\program files (x86)\windows kits\10\include\10.0.10240.0\ucrt\string.h(568): note: see declaration of 'stricmp'
  q_shared.c
c:\users\coled_000\projects\cole\quake-2\game\q_shared.c(876): warning C4996: 'strncpy': This function or variable may be unsafe. Consider using strncpy_s instead. To disable deprecation, use _CRT_SECURE_NO_WARNINGS. See online help for details.
  c:\program files (x86)\windows kits\10\include\10.0.10240.0\ucrt\string.h(340): note: see declaration of 'strncpy'
c:\users\coled_000\projects\cole\quake-2\game\q_shared.c(897): warning C4996: 'strncpy': This function or variable may be unsafe. Consider using strncpy_s instead. To disable deprecation, use _CRT_SECURE_NO_WARNINGS. See online help for details.
  c:\program files (x86)\windows kits\10\include\10.0.10240.0\ucrt\string.h(340): note: see declaration of 'strncpy'
c:\users\coled_000\projects\cole\quake-2\game\q_shared.c(923): warning C4996: 'strcat': This function or variable may be unsafe. Consider using strcat_s instead. To disable deprecation, use _CRT_SECURE_NO_WARNINGS. See online help for details.
  c:\program files (x86)\windows kits\10\include\10.0.10240.0\ucrt\string.h(86): note: see declaration of 'strcat'
c:\users\coled_000\projects\cole\quake-2\game\q_shared.c(1056): warning C4996: 'vsprintf': This function or variable may be unsafe. Consider using vsprintf_s instead. To disable deprecation, use _CRT_SECURE_NO_WARNINGS. See online help for details.
  c:\program files (x86)\windows kits\10\include\10.0.10240.0\ucrt\stdio.h(1465): note: see declaration of 'vsprintf'
c:\users\coled_000\projects\cole\quake-2\game\q_shared.c(1230): warning C4996: 'vsprintf': This function or variable may be unsafe. Consider using vsprintf_s instead. To disable deprecation, use _CRT_SECURE_NO_WARNINGS. See online help for details.
  c:\program files (x86)\windows kits\10\include\10.0.10240.0\ucrt\stdio.h(1465): note: see declaration of 'vsprintf'
c:\users\coled_000\projects\cole\quake-2\game\q_shared.c(1234): warning C4996: 'strncpy': This function or variable may be unsafe. Consider using strncpy_s instead. To disable deprecation, use _CRT_SECURE_NO_WARNINGS. See online help for details.
  c:\program files (x86)\windows kits\10\include\10.0.10240.0\ucrt\string.h(340): note: see declaration of 'strncpy'
c:\users\coled_000\projects\cole\quake-2\game\q_shared.c(1334): warning C4996: 'strcpy': This function or variable may be unsafe. Consider using strcpy_s instead. To disable deprecation, use _CRT_SECURE_NO_WARNINGS. See online help for details.
  c:\program files (x86)\windows kits\10\include\10.0.10240.0\ucrt\string.h(119): note: see declaration of 'strcpy'
  Generating Code...
c:\users\coled_000\projects\cole\quake-2\ref_gl\gl_image.c(1223): warning C4715: 'GL_Upload8': not all control paths return a value
c:\users\coled_000\projects\cole\quake-2\ref_gl\gl_rmain.c(1341): warning C4715: 'R_Init': not all control paths return a value
q_shared.obj : warning LNK4075: ignoring '/EDITANDCONTINUE' due to '/INCREMENTAL:NO' specification
     Creating library .\..\debug\ref_gl.lib and object .\..\debug\ref_gl.exp
  ref_gl.vcxproj -> C:\Users\coled_000\Projects\Cole\Quake-2\ref_gl\.\..\debug\ref_gl.dll
