  Performing Custom Build Tools
  Microsoft (R) Macro Assembler Version 14.14.26428.1
  Copyright (C) Microsoft Corporation.  All rights reserved.
  
   Assembling: C:\Users\coled_000\Projects\Cole\Quake-2\ref_soft\r_aclipa.asm
  Performing Custom Build Tools
  Microsoft (R) Macro Assembler Version 14.14.26428.1
  Copyright (C) Microsoft Corporation.  All rights reserved.
  
   Assembling: C:\Users\coled_000\Projects\Cole\Quake-2\ref_soft\r_draw16.asm
  Performing Custom Build Tools
  Microsoft (R) Macro Assembler Version 14.14.26428.1
  Copyright (C) Microsoft Corporation.  All rights reserved.
  
   Assembling: C:\Users\coled_000\Projects\Cole\Quake-2\ref_soft\r_drawa.asm
  Performing Custom Build Tools
  Microsoft (R) Macro Assembler Version 14.14.26428.1
  Copyright (C) Microsoft Corporation.  All rights reserved.
  
   Assembling: C:\Users\coled_000\Projects\Cole\Quake-2\ref_soft\r_edgea.asm
  Performing Custom Build Tools
  Microsoft (R) Macro Assembler Version 14.14.26428.1
  Copyright (C) Microsoft Corporation.  All rights reserved.
  
   Assembling: C:\Users\coled_000\Projects\Cole\Quake-2\ref_soft\r_polysa.asm
  Performing Custom Build Tools
  Microsoft (R) Macro Assembler Version 14.14.26428.1
  Copyright (C) Microsoft Corporation.  All rights reserved.
  
   Assembling: C:\Users\coled_000\Projects\Cole\Quake-2\ref_soft\r_scana.asm
  Performing Custom Build Tools
  Microsoft (R) Macro Assembler Version 14.14.26428.1
  Copyright (C) Microsoft Corporation.  All rights reserved.
  
   Assembling: C:\Users\coled_000\Projects\Cole\Quake-2\ref_soft\r_spr8.asm
  Performing Custom Build Tools
  Microsoft (R) Macro Assembler Version 14.14.26428.1
  Copyright (C) Microsoft Corporation.  All rights reserved.
  
   Assembling: C:\Users\coled_000\Projects\Cole\Quake-2\ref_soft\r_surf8.asm
  Performing Custom Build Tools
  Microsoft (R) Macro Assembler Version 14.14.26428.1
  Copyright (C) Microsoft Corporation.  All rights reserved.
  
   Assembling: C:\Users\coled_000\Projects\Cole\Quake-2\ref_soft\r_varsa.asm
  r_surf.c
  r_sprite.c
  r_scan.c
  r_rast.c
  r_polyse.c
  r_poly.c
  r_part.c
  r_model.c
c:\users\coled_000\projects\cole\quake-2\ref_soft\r_model.c(131): warning C4996: 'strcpy': This function or variable may be unsafe. Consider using strcpy_s instead. To disable deprecation, use _CRT_SECURE_NO_WARNINGS. See online help for details.
  c:\program files (x86)\windows kits\10\include\10.0.10240.0\ucrt\string.h(119): note: see declaration of 'strcpy'
  r_misc.c
c:\users\coled_000\projects\cole\quake-2\ref_soft\r_misc.c(601): warning C4996: 'fopen': This function or variable may be unsafe. Consider using fopen_s instead. To disable deprecation, use _CRT_SECURE_NO_WARNINGS. See online help for details.
  c:\program files (x86)\windows kits\10\include\10.0.10240.0\ucrt\stdio.h(205): note: see declaration of 'fopen'
c:\users\coled_000\projects\cole\quake-2\ref_soft\r_misc.c(635): warning C4996: 'strcpy': This function or variable may be unsafe. Consider using strcpy_s instead. To disable deprecation, use _CRT_SECURE_NO_WARNINGS. See online help for details.
  c:\program files (x86)\windows kits\10\include\10.0.10240.0\ucrt\string.h(119): note: see declaration of 'strcpy'
c:\users\coled_000\projects\cole\quake-2\ref_soft\r_misc.c(642): warning C4996: 'fopen': This function or variable may be unsafe. Consider using fopen_s instead. To disable deprecation, use _CRT_SECURE_NO_WARNINGS. See online help for details.
  c:\program files (x86)\windows kits\10\include\10.0.10240.0\ucrt\stdio.h(205): note: see declaration of 'fopen'
  r_main.c
c:\users\coled_000\projects\cole\quake-2\ref_soft\r_main.c(1303): warning C4996: 'strncpy': This function or variable may be unsafe. Consider using strncpy_s instead. To disable deprecation, use _CRT_SECURE_NO_WARNINGS. See online help for details.
  c:\program files (x86)\windows kits\10\include\10.0.10240.0\ucrt\string.h(340): note: see declaration of 'strncpy'
c:\users\coled_000\projects\cole\quake-2\ref_soft\r_main.c(1404): warning C4996: 'vsprintf': This function or variable may be unsafe. Consider using vsprintf_s instead. To disable deprecation, use _CRT_SECURE_NO_WARNINGS. See online help for details.
  c:\program files (x86)\windows kits\10\include\10.0.10240.0\ucrt\stdio.h(1465): note: see declaration of 'vsprintf'
c:\users\coled_000\projects\cole\quake-2\ref_soft\r_main.c(1416): warning C4996: 'vsprintf': This function or variable may be unsafe. Consider using vsprintf_s instead. To disable deprecation, use _CRT_SECURE_NO_WARNINGS. See online help for details.
  c:\program files (x86)\windows kits\10\include\10.0.10240.0\ucrt\stdio.h(1465): note: see declaration of 'vsprintf'
  r_light.c
  r_image.c
c:\users\coled_000\projects\cole\quake-2\ref_soft\r_image.c(422): warning C4996: 'strcpy': This function or variable may be unsafe. Consider using strcpy_s instead. To disable deprecation, use _CRT_SECURE_NO_WARNINGS. See online help for details.
  c:\program files (x86)\windows kits\10\include\10.0.10240.0\ucrt\string.h(119): note: see declaration of 'strcpy'
c:\users\coled_000\projects\cole\quake-2\ref_soft\r_image.c(463): warning C4996: 'strcpy': This function or variable may be unsafe. Consider using strcpy_s instead. To disable deprecation, use _CRT_SECURE_NO_WARNINGS. See online help for details.
  c:\program files (x86)\windows kits\10\include\10.0.10240.0\ucrt\string.h(119): note: see declaration of 'strcpy'
  r_edge.c
  r_draw.c
  r_bsp.c
  r_alias.c
  r_aclip.c
  rw_imp.c
  rw_dib.c
  rw_ddraw.c
  Generating Code...
  Compiling...
  q_shwin.c
  q_shared.c
c:\users\coled_000\projects\cole\quake-2\game\q_shared.c(876): warning C4996: 'strncpy': This function or variable may be unsafe. Consider using strncpy_s instead. To disable deprecation, use _CRT_SECURE_NO_WARNINGS. See online help for details.
  c:\program files (x86)\windows kits\10\include\10.0.10240.0\ucrt\string.h(340): note: see declaration of 'strncpy'
c:\users\coled_000\projects\cole\quake-2\game\q_shared.c(897): warning C4996: 'strncpy': This function or variable may be unsafe. Consider using strncpy_s instead. To disable deprecation, use _CRT_SECURE_NO_WARNINGS. See online help for details.
  c:\program files (x86)\windows kits\10\include\10.0.10240.0\ucrt\string.h(340): note: see declaration of 'strncpy'
c:\users\coled_000\projects\cole\quake-2\game\q_shared.c(923): warning C4996: 'strcat': This function or variable may be unsafe. Consider using strcat_s instead. To disable deprecation, use _CRT_SECURE_NO_WARNINGS. See online help for details.
  c:\program files (x86)\windows kits\10\include\10.0.10240.0\ucrt\string.h(86): note: see declaration of 'strcat'
c:\users\coled_000\projects\cole\quake-2\game\q_shared.c(1056): warning C4996: 'vsprintf': This function or variable may be unsafe. Consider using vsprintf_s instead. To disable deprecation, use _CRT_SECURE_NO_WARNINGS. See online help for details.
  c:\program files (x86)\windows kits\10\include\10.0.10240.0\ucrt\stdio.h(1465): note: see declaration of 'vsprintf'
c:\users\coled_000\projects\cole\quake-2\game\q_shared.c(1230): warning C4996: 'vsprintf': This function or variable may be unsafe. Consider using vsprintf_s instead. To disable deprecation, use _CRT_SECURE_NO_WARNINGS. See online help for details.
  c:\program files (x86)\windows kits\10\include\10.0.10240.0\ucrt\stdio.h(1465): note: see declaration of 'vsprintf'
c:\users\coled_000\projects\cole\quake-2\game\q_shared.c(1234): warning C4996: 'strncpy': This function or variable may be unsafe. Consider using strncpy_s instead. To disable deprecation, use _CRT_SECURE_NO_WARNINGS. See online help for details.
  c:\program files (x86)\windows kits\10\include\10.0.10240.0\ucrt\string.h(340): note: see declaration of 'strncpy'
c:\users\coled_000\projects\cole\quake-2\game\q_shared.c(1334): warning C4996: 'strcpy': This function or variable may be unsafe. Consider using strcpy_s instead. To disable deprecation, use _CRT_SECURE_NO_WARNINGS. See online help for details.
  c:\program files (x86)\windows kits\10\include\10.0.10240.0\ucrt\string.h(119): note: see declaration of 'strcpy'
  Generating Code...
LINK : fatal error LNK1181: cannot open input file '.\..\debug\\.obj'
